<?xml version="1.0" encoding="UTF-8"?>
<testsuite name="TestExtraction" tests="4" skipped="0" failures="0" errors="0" timestamp="2016-06-12T17:38:26" hostname="Davids-MacBook.local" time="0.009">
  <properties/>
  <testcase name="testMAC" classname="TestExtraction" time="0.008"/>
  <testcase name="testDate" classname="TestExtraction" time="0.0"/>
  <testcase name="testIP" classname="TestExtraction" time="0.0"/>
  <testcase name="testOS" classname="TestExtraction" time="0.0"/>
  <system-out><![CDATA[]]></system-out>
  <system-err><![CDATA[]]></system-err>
</testsuite>
