<?xml version="1.0" encoding="UTF-8"?>
<testsuite name="TestMacExtraction" tests="1" skipped="0" failures="0" errors="0" timestamp="2016-06-12T17:26:31" hostname="Davids-MacBook.local" time="0.011">
  <properties/>
  <testcase name="testMAC" classname="TestMacExtraction" time="0.011"/>
  <system-out><![CDATA[]]></system-out>
  <system-err><![CDATA[]]></system-err>
</testsuite>
